0 info it worked if it ends with ok
1 verbose cli [ '/usr/local/bin/node',
1 verbose cli   '/usr/local/bin/npm',
1 verbose cli   'install',
1 verbose cli   '-g',
1 verbose cli   'grunt-cli' ]
2 info using npm@3.10.10
3 info using node@v6.10.1
4 silly loadCurrentTree Starting
5 silly install loadCurrentTree
6 silly install readGlobalPackageData
7 silly fetchPackageMetaData grunt-cli
8 silly fetchNamedPackageData grunt-cli
9 silly mapToRegistry name grunt-cli
10 silly mapToRegistry using default registry
11 silly mapToRegistry registry https://registry.npmjs.org/
12 silly mapToRegistry data Result {
12 silly mapToRegistry   raw: 'grunt-cli',
12 silly mapToRegistry   scope: null,
12 silly mapToRegistry   escapedName: 'grunt-cli',
12 silly mapToRegistry   name: 'grunt-cli',
12 silly mapToRegistry   rawSpec: '',
12 silly mapToRegistry   spec: 'latest',
12 silly mapToRegistry   type: 'tag' }
13 silly mapToRegistry uri https://registry.npmjs.org/grunt-cli
14 verbose request uri https://registry.npmjs.org/grunt-cli
15 verbose request no auth needed
16 info attempt registry request try #1 at 12:30:36 AM
17 verbose request id abe8aa495cf70b97
18 verbose etag W/"58de67db-8006"
19 verbose lastModified Fri, 31 Mar 2017 14:29:47 GMT
20 http request GET https://registry.npmjs.org/grunt-cli
21 http 304 https://registry.npmjs.org/grunt-cli
22 verbose headers { date: 'Sat, 01 Apr 2017 07:30:35 GMT',
22 verbose headers   via: '1.1 varnish',
22 verbose headers   'cache-control': 'max-age=300',
22 verbose headers   etag: 'W/"58de67db-8006"',
22 verbose headers   age: '177',
22 verbose headers   connection: 'keep-alive',
22 verbose headers   'x-served-by': 'cache-lax8624-LAX',
22 verbose headers   'x-cache': 'HIT',
22 verbose headers   'x-cache-hits': '1',
22 verbose headers   'x-timer': 'S1491031835.971591,VS0,VE0',
22 verbose headers   vary: 'Accept-Encoding' }
23 silly get cb [ 304,
23 silly get   { date: 'Sat, 01 Apr 2017 07:30:35 GMT',
23 silly get     via: '1.1 varnish',
23 silly get     'cache-control': 'max-age=300',
23 silly get     etag: 'W/"58de67db-8006"',
23 silly get     age: '177',
23 silly get     connection: 'keep-alive',
23 silly get     'x-served-by': 'cache-lax8624-LAX',
23 silly get     'x-cache': 'HIT',
23 silly get     'x-cache-hits': '1',
23 silly get     'x-timer': 'S1491031835.971591,VS0,VE0',
23 silly get     vary: 'Accept-Encoding' } ]
24 verbose etag https://registry.npmjs.org/grunt-cli from cache
25 verbose get saving grunt-cli to /Users/Jerry/.npm/registry.npmjs.org/grunt-cli/.cache.json
26 verbose correctMkdir /Users/Jerry/.npm correctMkdir not in flight; initializing
27 silly install normalizeTree
28 silly loadCurrentTree Finishing
29 silly loadIdealTree Starting
30 silly install loadIdealTree
31 silly cloneCurrentTree Starting
32 silly install cloneCurrentTreeToIdealTree
33 silly cloneCurrentTree Finishing
34 silly loadShrinkwrap Starting
35 silly install loadShrinkwrap
36 silly loadShrinkwrap Finishing
37 silly loadAllDepsIntoIdealTree Starting
38 silly install loadAllDepsIntoIdealTree
39 silly resolveWithNewModule grunt-cli@1.2.0 checking installable status
40 silly cache add args [ 'grunt-cli', null ]
41 verbose cache add spec grunt-cli
42 silly cache add parsed spec Result {
42 silly cache add   raw: 'grunt-cli',
42 silly cache add   scope: null,
42 silly cache add   escapedName: 'grunt-cli',
42 silly cache add   name: 'grunt-cli',
42 silly cache add   rawSpec: '',
42 silly cache add   spec: 'latest',
42 silly cache add   type: 'tag' }
43 silly addNamed grunt-cli@latest
44 verbose addNamed "latest" is being treated as a dist-tag for grunt-cli
45 info addNameTag [ 'grunt-cli', 'latest' ]
46 silly mapToRegistry name grunt-cli
47 silly mapToRegistry using default registry
48 silly mapToRegistry registry https://registry.npmjs.org/
49 silly mapToRegistry data Result {
49 silly mapToRegistry   raw: 'grunt-cli',
49 silly mapToRegistry   scope: null,
49 silly mapToRegistry   escapedName: 'grunt-cli',
49 silly mapToRegistry   name: 'grunt-cli',
49 silly mapToRegistry   rawSpec: '',
49 silly mapToRegistry   spec: 'latest',
49 silly mapToRegistry   type: 'tag' }
50 silly mapToRegistry uri https://registry.npmjs.org/grunt-cli
51 verbose addNameTag registry:https://registry.npmjs.org/grunt-cli not in flight; fetching
52 verbose get https://registry.npmjs.org/grunt-cli not expired, no request
53 silly addNameTag next cb for grunt-cli with tag latest
54 silly addNamed grunt-cli@1.2.0
55 verbose addNamed "1.2.0" is a plain semver version for grunt-cli
56 silly cache afterAdd grunt-cli@1.2.0
57 verbose afterAdd /Users/Jerry/.npm/grunt-cli/1.2.0/package/package.json not in flight; writing
58 verbose correctMkdir /Users/Jerry/.npm correctMkdir not in flight; initializing
59 verbose afterAdd /Users/Jerry/.npm/grunt-cli/1.2.0/package/package.json written
60 silly fetchNamedPackageData findup-sync
61 silly mapToRegistry name findup-sync
62 silly mapToRegistry using default registry
63 silly mapToRegistry registry https://registry.npmjs.org/
64 silly mapToRegistry data Result {
64 silly mapToRegistry   raw: 'findup-sync',
64 silly mapToRegistry   scope: null,
64 silly mapToRegistry   escapedName: 'findup-sync',
64 silly mapToRegistry   name: 'findup-sync',
64 silly mapToRegistry   rawSpec: '',
64 silly mapToRegistry   spec: 'latest',
64 silly mapToRegistry   type: 'tag' }
65 silly mapToRegistry uri https://registry.npmjs.org/findup-sync
66 silly fetchNamedPackageData grunt-known-options
67 silly mapToRegistry name grunt-known-options
68 silly mapToRegistry using default registry
69 silly mapToRegistry registry https://registry.npmjs.org/
70 silly mapToRegistry data Result {
70 silly mapToRegistry   raw: 'grunt-known-options',
70 silly mapToRegistry   scope: null,
70 silly mapToRegistry   escapedName: 'grunt-known-options',
70 silly mapToRegistry   name: 'grunt-known-options',
70 silly mapToRegistry   rawSpec: '',
70 silly mapToRegistry   spec: 'latest',
70 silly mapToRegistry   type: 'tag' }
71 silly mapToRegistry uri https://registry.npmjs.org/grunt-known-options
72 silly fetchNamedPackageData nopt
73 silly mapToRegistry name nopt
74 silly mapToRegistry using default registry
75 silly mapToRegistry registry https://registry.npmjs.org/
76 silly mapToRegistry data Result {
76 silly mapToRegistry   raw: 'nopt',
76 silly mapToRegistry   scope: null,
76 silly mapToRegistry   escapedName: 'nopt',
76 silly mapToRegistry   name: 'nopt',
76 silly mapToRegistry   rawSpec: '',
76 silly mapToRegistry   spec: 'latest',
76 silly mapToRegistry   type: 'tag' }
77 silly mapToRegistry uri https://registry.npmjs.org/nopt
78 silly fetchNamedPackageData resolve
79 silly mapToRegistry name resolve
80 silly mapToRegistry using default registry
81 silly mapToRegistry registry https://registry.npmjs.org/
82 silly mapToRegistry data Result {
82 silly mapToRegistry   raw: 'resolve',
82 silly mapToRegistry   scope: null,
82 silly mapToRegistry   escapedName: 'resolve',
82 silly mapToRegistry   name: 'resolve',
82 silly mapToRegistry   rawSpec: '',
82 silly mapToRegistry   spec: 'latest',
82 silly mapToRegistry   type: 'tag' }
83 silly mapToRegistry uri https://registry.npmjs.org/resolve
84 verbose request uri https://registry.npmjs.org/findup-sync
85 verbose request no auth needed
86 info attempt registry request try #1 at 12:30:36 AM
87 verbose etag W/"58552985-4ae2"
88 verbose lastModified Sat, 17 Dec 2016 12:03:17 GMT
89 http request GET https://registry.npmjs.org/findup-sync
90 verbose request uri https://registry.npmjs.org/grunt-known-options
91 verbose request no auth needed
92 info attempt registry request try #1 at 12:30:36 AM
93 verbose etag W/"56f9e838-dcc"
94 verbose lastModified Tue, 29 Mar 2016 02:28:08 GMT
95 http request GET https://registry.npmjs.org/grunt-known-options
96 verbose request uri https://registry.npmjs.org/nopt
97 verbose request no auth needed
98 info attempt registry request try #1 at 12:30:36 AM
99 verbose etag W/"58518ed2-84a2"
100 verbose lastModified Wed, 14 Dec 2016 18:26:26 GMT
101 http request GET https://registry.npmjs.org/nopt
102 verbose request uri https://registry.npmjs.org/resolve
103 verbose request no auth needed
104 info attempt registry request try #1 at 12:30:36 AM
105 verbose etag W/"58b35e55-ca92"
106 verbose lastModified Sun, 26 Feb 2017 23:01:41 GMT
107 http request GET https://registry.npmjs.org/resolve
108 http 304 https://registry.npmjs.org/findup-sync
109 verbose headers { date: 'Sat, 01 Apr 2017 07:30:36 GMT',
109 verbose headers   via: '1.1 varnish',
109 verbose headers   'cache-control': 'max-age=300',
109 verbose headers   etag: 'W/"58552985-4ae2"',
109 verbose headers   age: '247',
109 verbose headers   connection: 'keep-alive',
109 verbose headers   'x-served-by': 'cache-lax8624-LAX',
109 verbose headers   'x-cache': 'HIT',
109 verbose headers   'x-cache-hits': '1',
109 verbose headers   'x-timer': 'S1491031836.098731,VS0,VE0',
109 verbose headers   vary: 'Accept-Encoding' }
110 silly get cb [ 304,
110 silly get   { date: 'Sat, 01 Apr 2017 07:30:36 GMT',
110 silly get     via: '1.1 varnish',
110 silly get     'cache-control': 'max-age=300',
110 silly get     etag: 'W/"58552985-4ae2"',
110 silly get     age: '247',
110 silly get     connection: 'keep-alive',
110 silly get     'x-served-by': 'cache-lax8624-LAX',
110 silly get     'x-cache': 'HIT',
110 silly get     'x-cache-hits': '1',
110 silly get     'x-timer': 'S1491031836.098731,VS0,VE0',
110 silly get     vary: 'Accept-Encoding' } ]
111 verbose etag https://registry.npmjs.org/findup-sync from cache
112 verbose get saving findup-sync to /Users/Jerry/.npm/registry.npmjs.org/findup-sync/.cache.json
113 verbose correctMkdir /Users/Jerry/.npm correctMkdir not in flight; initializing
114 silly resolveWithNewModule findup-sync@0.3.0 checking installable status
115 silly cache add args [ 'findup-sync@~0.3.0', null ]
116 verbose cache add spec findup-sync@~0.3.0
117 silly cache add parsed spec Result {
117 silly cache add   raw: 'findup-sync@~0.3.0',
117 silly cache add   scope: null,
117 silly cache add   escapedName: 'findup-sync',
117 silly cache add   name: 'findup-sync',
117 silly cache add   rawSpec: '~0.3.0',
117 silly cache add   spec: '>=0.3.0 <0.4.0',
117 silly cache add   type: 'range' }
118 silly addNamed findup-sync@>=0.3.0 <0.4.0
119 verbose addNamed ">=0.3.0 <0.4.0" is a valid semver range for findup-sync
120 silly addNameRange { name: 'findup-sync', range: '>=0.3.0 <0.4.0', hasData: false }
121 silly mapToRegistry name findup-sync
122 silly mapToRegistry using default registry
123 silly mapToRegistry registry https://registry.npmjs.org/
124 silly mapToRegistry data Result {
124 silly mapToRegistry   raw: 'findup-sync',
124 silly mapToRegistry   scope: null,
124 silly mapToRegistry   escapedName: 'findup-sync',
124 silly mapToRegistry   name: 'findup-sync',
124 silly mapToRegistry   rawSpec: '',
124 silly mapToRegistry   spec: 'latest',
124 silly mapToRegistry   type: 'tag' }
125 silly mapToRegistry uri https://registry.npmjs.org/findup-sync
126 verbose addNameRange registry:https://registry.npmjs.org/findup-sync not in flight; fetching
127 verbose get https://registry.npmjs.org/findup-sync not expired, no request
128 silly addNameRange number 2 { name: 'findup-sync', range: '>=0.3.0 <0.4.0', hasData: true }
129 silly addNameRange versions [ 'findup-sync',
129 silly addNameRange   [ '0.1.0',
129 silly addNameRange     '0.1.1',
129 silly addNameRange     '0.1.2',
129 silly addNameRange     '0.1.3',
129 silly addNameRange     '0.2.0',
129 silly addNameRange     '0.2.1',
129 silly addNameRange     '0.3.0',
129 silly addNameRange     '0.4.0',
129 silly addNameRange     '0.4.1',
129 silly addNameRange     '0.4.2',
129 silly addNameRange     '0.4.3' ] ]
130 silly addNamed findup-sync@0.3.0
131 verbose addNamed "0.3.0" is a plain semver version for findup-sync
132 silly cache afterAdd findup-sync@0.3.0
133 verbose afterAdd /Users/Jerry/.npm/findup-sync/0.3.0/package/package.json not in flight; writing
134 verbose correctMkdir /Users/Jerry/.npm correctMkdir not in flight; initializing
135 verbose afterAdd /Users/Jerry/.npm/findup-sync/0.3.0/package/package.json written
136 http 304 https://registry.npmjs.org/nopt
137 verbose headers { date: 'Sat, 01 Apr 2017 07:30:36 GMT',
137 verbose headers   via: '1.1 varnish',
137 verbose headers   'cache-control': 'max-age=300',
137 verbose headers   etag: 'W/"58518ed2-84a2"',
137 verbose headers   age: '50',
137 verbose headers   connection: 'keep-alive',
137 verbose headers   'x-served-by': 'cache-lax8648-LAX',
137 verbose headers   'x-cache': 'HIT',
137 verbose headers   'x-cache-hits': '4',
137 verbose headers   'x-timer': 'S1491031836.125188,VS0,VE0',
137 verbose headers   vary: 'Accept-Encoding' }
138 silly get cb [ 304,
138 silly get   { date: 'Sat, 01 Apr 2017 07:30:36 GMT',
138 silly get     via: '1.1 varnish',
138 silly get     'cache-control': 'max-age=300',
138 silly get     etag: 'W/"58518ed2-84a2"',
138 silly get     age: '50',
138 silly get     connection: 'keep-alive',
138 silly get     'x-served-by': 'cache-lax8648-LAX',
138 silly get     'x-cache': 'HIT',
138 silly get     'x-cache-hits': '4',
138 silly get     'x-timer': 'S1491031836.125188,VS0,VE0',
138 silly get     vary: 'Accept-Encoding' } ]
139 verbose etag https://registry.npmjs.org/nopt from cache
140 verbose get saving nopt to /Users/Jerry/.npm/registry.npmjs.org/nopt/.cache.json
141 verbose correctMkdir /Users/Jerry/.npm correctMkdir not in flight; initializing
142 http 304 https://registry.npmjs.org/grunt-known-options
143 verbose headers { date: 'Sat, 01 Apr 2017 07:30:36 GMT',
143 verbose headers   via: '1.1 varnish',
143 verbose headers   'cache-control': 'max-age=300',
143 verbose headers   etag: 'W/"56f9e838-dcc"',
143 verbose headers   age: '177',
143 verbose headers   connection: 'keep-alive',
143 verbose headers   'x-served-by': 'cache-lax8639-LAX',
143 verbose headers   'x-cache': 'HIT',
143 verbose headers   'x-cache-hits': '1',
143 verbose headers   'x-timer': 'S1491031836.124816,VS0,VE0',
143 verbose headers   vary: 'Accept-Encoding' }
144 silly get cb [ 304,
144 silly get   { date: 'Sat, 01 Apr 2017 07:30:36 GMT',
144 silly get     via: '1.1 varnish',
144 silly get     'cache-control': 'max-age=300',
144 silly get     etag: 'W/"56f9e838-dcc"',
144 silly get     age: '177',
144 silly get     connection: 'keep-alive',
144 silly get     'x-served-by': 'cache-lax8639-LAX',
144 silly get     'x-cache': 'HIT',
144 silly get     'x-cache-hits': '1',
144 silly get     'x-timer': 'S1491031836.124816,VS0,VE0',
144 silly get     vary: 'Accept-Encoding' } ]
145 verbose etag https://registry.npmjs.org/grunt-known-options from cache
146 verbose get saving grunt-known-options to /Users/Jerry/.npm/registry.npmjs.org/grunt-known-options/.cache.json
147 verbose correctMkdir /Users/Jerry/.npm correctMkdir not in flight; initializing
148 silly resolveWithNewModule nopt@3.0.6 checking installable status
149 silly cache add args [ 'nopt@~3.0.6', null ]
150 verbose cache add spec nopt@~3.0.6
151 silly cache add parsed spec Result {
151 silly cache add   raw: 'nopt@~3.0.6',
151 silly cache add   scope: null,
151 silly cache add   escapedName: 'nopt',
151 silly cache add   name: 'nopt',
151 silly cache add   rawSpec: '~3.0.6',
151 silly cache add   spec: '>=3.0.6 <3.1.0',
151 silly cache add   type: 'range' }
152 silly addNamed nopt@>=3.0.6 <3.1.0
153 verbose addNamed ">=3.0.6 <3.1.0" is a valid semver range for nopt
154 silly addNameRange { name: 'nopt', range: '>=3.0.6 <3.1.0', hasData: false }
155 silly mapToRegistry name nopt
156 silly mapToRegistry using default registry
157 silly mapToRegistry registry https://registry.npmjs.org/
158 silly mapToRegistry data Result {
158 silly mapToRegistry   raw: 'nopt',
158 silly mapToRegistry   scope: null,
158 silly mapToRegistry   escapedName: 'nopt',
158 silly mapToRegistry   name: 'nopt',
158 silly mapToRegistry   rawSpec: '',
158 silly mapToRegistry   spec: 'latest',
158 silly mapToRegistry   type: 'tag' }
159 silly mapToRegistry uri https://registry.npmjs.org/nopt
160 verbose addNameRange registry:https://registry.npmjs.org/nopt not in flight; fetching
161 silly resolveWithNewModule grunt-known-options@1.1.0 checking installable status
162 silly cache add args [ 'grunt-known-options@~1.1.0', null ]
163 verbose cache add spec grunt-known-options@~1.1.0
164 silly cache add parsed spec Result {
164 silly cache add   raw: 'grunt-known-options@~1.1.0',
164 silly cache add   scope: null,
164 silly cache add   escapedName: 'grunt-known-options',
164 silly cache add   name: 'grunt-known-options',
164 silly cache add   rawSpec: '~1.1.0',
164 silly cache add   spec: '>=1.1.0 <1.2.0',
164 silly cache add   type: 'range' }
165 silly addNamed grunt-known-options@>=1.1.0 <1.2.0
166 verbose addNamed ">=1.1.0 <1.2.0" is a valid semver range for grunt-known-options
167 silly addNameRange { name: 'grunt-known-options',
167 silly addNameRange   range: '>=1.1.0 <1.2.0',
167 silly addNameRange   hasData: false }
168 silly mapToRegistry name grunt-known-options
169 silly mapToRegistry using default registry
170 silly mapToRegistry registry https://registry.npmjs.org/
171 silly mapToRegistry data Result {
171 silly mapToRegistry   raw: 'grunt-known-options',
171 silly mapToRegistry   scope: null,
171 silly mapToRegistry   escapedName: 'grunt-known-options',
171 silly mapToRegistry   name: 'grunt-known-options',
171 silly mapToRegistry   rawSpec: '',
171 silly mapToRegistry   spec: 'latest',
171 silly mapToRegistry   type: 'tag' }
172 silly mapToRegistry uri https://registry.npmjs.org/grunt-known-options
173 verbose addNameRange registry:https://registry.npmjs.org/grunt-known-options not in flight; fetching
174 http 304 https://registry.npmjs.org/resolve
175 verbose headers { date: 'Sat, 01 Apr 2017 07:30:36 GMT',
175 verbose headers   via: '1.1 varnish',
175 verbose headers   'cache-control': 'max-age=300',
175 verbose headers   etag: 'W/"58b35e55-ca92"',
175 verbose headers   age: '103',
175 verbose headers   connection: 'keep-alive',
175 verbose headers   'x-served-by': 'cache-lax8640-LAX',
175 verbose headers   'x-cache': 'HIT',
175 verbose headers   'x-cache-hits': '2',
175 verbose headers   'x-timer': 'S1491031836.138168,VS0,VE0',
175 verbose headers   vary: 'Accept-Encoding' }
176 silly get cb [ 304,
176 silly get   { date: 'Sat, 01 Apr 2017 07:30:36 GMT',
176 silly get     via: '1.1 varnish',
176 silly get     'cache-control': 'max-age=300',
176 silly get     etag: 'W/"58b35e55-ca92"',
176 silly get     age: '103',
176 silly get     connection: 'keep-alive',
176 silly get     'x-served-by': 'cache-lax8640-LAX',
176 silly get     'x-cache': 'HIT',
176 silly get     'x-cache-hits': '2',
176 silly get     'x-timer': 'S1491031836.138168,VS0,VE0',
176 silly get     vary: 'Accept-Encoding' } ]
177 verbose etag https://registry.npmjs.org/resolve from cache
178 verbose get saving resolve to /Users/Jerry/.npm/registry.npmjs.org/resolve/.cache.json
179 verbose correctMkdir /Users/Jerry/.npm correctMkdir not in flight; initializing
180 verbose get https://registry.npmjs.org/grunt-known-options not expired, no request
181 silly addNameRange number 2 { name: 'grunt-known-options',
181 silly addNameRange   range: '>=1.1.0 <1.2.0',
181 silly addNameRange   hasData: true }
182 silly addNameRange versions [ 'grunt-known-options', [ '1.0.0', '1.1.0' ] ]
183 silly addNamed grunt-known-options@1.1.0
184 verbose addNamed "1.1.0" is a plain semver version for grunt-known-options
185 verbose get https://registry.npmjs.org/nopt not expired, no request
186 silly addNameRange number 2 { name: 'nopt', range: '>=3.0.6 <3.1.0', hasData: true }
187 silly addNameRange versions [ 'nopt',
187 silly addNameRange   [ '1.0.0',
187 silly addNameRange     '1.0.1',
187 silly addNameRange     '1.0.2',
187 silly addNameRange     '1.0.3',
187 silly addNameRange     '1.0.4',
187 silly addNameRange     '1.0.5',
187 silly addNameRange     '1.0.6',
187 silly addNameRange     '1.0.7',
187 silly addNameRange     '1.0.8',
187 silly addNameRange     '1.0.9',
187 silly addNameRange     '1.0.10',
187 silly addNameRange     '2.0.0',
187 silly addNameRange     '2.1.0',
187 silly addNameRange     '2.1.1',
187 silly addNameRange     '2.1.2',
187 silly addNameRange     '2.2.0',
187 silly addNameRange     '2.2.1',
187 silly addNameRange     '3.0.0',
187 silly addNameRange     '3.0.1',
187 silly addNameRange     '3.0.2',
187 silly addNameRange     '3.0.3',
187 silly addNameRange     '3.0.4',
187 silly addNameRange     '3.0.5',
187 silly addNameRange     '3.0.6',
187 silly addNameRange     '4.0.0',
187 silly addNameRange     '4.0.1' ] ]
188 silly addNamed nopt@3.0.6
189 verbose addNamed "3.0.6" is a plain semver version for nopt
190 silly cache afterAdd grunt-known-options@1.1.0
191 verbose afterAdd /Users/Jerry/.npm/grunt-known-options/1.1.0/package/package.json not in flight; writing
192 verbose correctMkdir /Users/Jerry/.npm correctMkdir not in flight; initializing
193 silly cache afterAdd nopt@3.0.6
194 verbose afterAdd /Users/Jerry/.npm/nopt/3.0.6/package/package.json not in flight; writing
195 verbose correctMkdir /Users/Jerry/.npm correctMkdir not in flight; initializing
196 silly resolveWithNewModule resolve@1.1.7 checking installable status
197 silly cache add args [ 'resolve@~1.1.0', null ]
198 verbose cache add spec resolve@~1.1.0
199 silly cache add parsed spec Result {
199 silly cache add   raw: 'resolve@~1.1.0',
199 silly cache add   scope: null,
199 silly cache add   escapedName: 'resolve',
199 silly cache add   name: 'resolve',
199 silly cache add   rawSpec: '~1.1.0',
199 silly cache add   spec: '>=1.1.0 <1.2.0',
199 silly cache add   type: 'range' }
200 silly addNamed resolve@>=1.1.0 <1.2.0
201 verbose addNamed ">=1.1.0 <1.2.0" is a valid semver range for resolve
202 silly addNameRange { name: 'resolve', range: '>=1.1.0 <1.2.0', hasData: false }
203 silly mapToRegistry name resolve
204 silly mapToRegistry using default registry
205 silly mapToRegistry registry https://registry.npmjs.org/
206 silly mapToRegistry data Result {
206 silly mapToRegistry   raw: 'resolve',
206 silly mapToRegistry   scope: null,
206 silly mapToRegistry   escapedName: 'resolve',
206 silly mapToRegistry   name: 'resolve',
206 silly mapToRegistry   rawSpec: '',
206 silly mapToRegistry   spec: 'latest',
206 silly mapToRegistry   type: 'tag' }
207 silly mapToRegistry uri https://registry.npmjs.org/resolve
208 verbose addNameRange registry:https://registry.npmjs.org/resolve not in flight; fetching
209 verbose get https://registry.npmjs.org/resolve not expired, no request
210 silly addNameRange number 2 { name: 'resolve', range: '>=1.1.0 <1.2.0', hasData: true }
211 silly addNameRange versions [ 'resolve',
211 silly addNameRange   [ '0.0.0',
211 silly addNameRange     '0.0.1',
211 silly addNameRange     '0.0.2',
211 silly addNameRange     '0.0.3',
211 silly addNameRange     '0.0.4',
211 silly addNameRange     '0.1.0',
211 silly addNameRange     '0.1.2',
211 silly addNameRange     '0.1.3',
211 silly addNameRange     '0.2.0',
211 silly addNameRange     '0.2.1',
211 silly addNameRange     '0.2.2',
211 silly addNameRange     '0.2.3',
211 silly addNameRange     '0.2.4',
211 silly addNameRange     '0.2.5',
211 silly addNameRange     '0.2.6',
211 silly addNameRange     '0.2.7',
211 silly addNameRange     '0.2.8',
211 silly addNameRange     '0.3.0',
211 silly addNameRange     '0.3.1',
211 silly addNameRange     '0.4.0',
211 silly addNameRange     '0.4.1',
211 silly addNameRange     '0.4.2',
211 silly addNameRange     '0.4.3',
211 silly addNameRange     '0.5.0',
211 silly addNameRange     '0.5.1',
211 silly addNameRange     '0.6.0',
211 silly addNameRange     '0.6.1',
211 silly addNameRange     '0.6.2',
211 silly addNameRange     '0.6.3',
211 silly addNameRange     '0.7.0',
211 silly addNameRange     '0.7.1',
211 silly addNameRange     '0.7.2',
211 silly addNameRange     '0.7.3',
211 silly addNameRange     '0.7.4',
211 silly addNameRange     '1.0.0',
211 silly addNameRange     '1.1.0',
211 silly addNameRange     '1.1.2',
211 silly addNameRange     '1.1.3',
211 silly addNameRange     '1.1.4',
211 silly addNameRange     '1.1.5',
211 silly addNameRange     '1.1.6',
211 silly addNameRange     '1.1.7',
211 silly addNameRange     '1.2.0',
211 silly addNameRange     '1.3.0',
211 silly addNameRange     '1.3.1',
211 silly addNameRange     '1.2.1',
211 silly addNameRange     '1.3.2' ] ]
212 silly addNamed resolve@1.1.7
213 verbose addNamed "1.1.7" is a plain semver version for resolve
214 silly cache afterAdd resolve@1.1.7
215 verbose afterAdd /Users/Jerry/.npm/resolve/1.1.7/package/package.json not in flight; writing
216 verbose correctMkdir /Users/Jerry/.npm correctMkdir not in flight; initializing
217 verbose afterAdd /Users/Jerry/.npm/grunt-known-options/1.1.0/package/package.json written
218 verbose afterAdd /Users/Jerry/.npm/nopt/3.0.6/package/package.json written
219 verbose afterAdd /Users/Jerry/.npm/resolve/1.1.7/package/package.json written
220 silly fetchNamedPackageData glob
221 silly mapToRegistry name glob
222 silly mapToRegistry using default registry
223 silly mapToRegistry registry https://registry.npmjs.org/
224 silly mapToRegistry data Result {
224 silly mapToRegistry   raw: 'glob',
224 silly mapToRegistry   scope: null,
224 silly mapToRegistry   escapedName: 'glob',
224 silly mapToRegistry   name: 'glob',
224 silly mapToRegistry   rawSpec: '',
224 silly mapToRegistry   spec: 'latest',
224 silly mapToRegistry   type: 'tag' }
225 silly mapToRegistry uri https://registry.npmjs.org/glob
226 verbose request uri https://registry.npmjs.org/glob
227 verbose request no auth needed
228 info attempt registry request try #1 at 12:30:36 AM
229 verbose etag W/"58d8dd62-1f6c4"
230 verbose lastModified Mon, 27 Mar 2017 09:37:38 GMT
231 http request GET https://registry.npmjs.org/glob
232 http 304 https://registry.npmjs.org/glob
233 verbose headers { date: 'Sat, 01 Apr 2017 07:30:36 GMT',
233 verbose headers   via: '1.1 varnish',
233 verbose headers   'cache-control': 'max-age=300',
233 verbose headers   etag: 'W/"58d8dd62-1f6c4"',
233 verbose headers   age: '190',
233 verbose headers   connection: 'keep-alive',
233 verbose headers   'x-served-by': 'cache-lax8624-LAX',
233 verbose headers   'x-cache': 'HIT',
233 verbose headers   'x-cache-hits': '2',
233 verbose headers   'x-timer': 'S1491031836.186090,VS0,VE0',
233 verbose headers   vary: 'Accept-Encoding' }
234 silly get cb [ 304,
234 silly get   { date: 'Sat, 01 Apr 2017 07:30:36 GMT',
234 silly get     via: '1.1 varnish',
234 silly get     'cache-control': 'max-age=300',
234 silly get     etag: 'W/"58d8dd62-1f6c4"',
234 silly get     age: '190',
234 silly get     connection: 'keep-alive',
234 silly get     'x-served-by': 'cache-lax8624-LAX',
234 silly get     'x-cache': 'HIT',
234 silly get     'x-cache-hits': '2',
234 silly get     'x-timer': 'S1491031836.186090,VS0,VE0',
234 silly get     vary: 'Accept-Encoding' } ]
235 verbose etag https://registry.npmjs.org/glob from cache
236 verbose get saving glob to /Users/Jerry/.npm/registry.npmjs.org/glob/.cache.json
237 verbose correctMkdir /Users/Jerry/.npm correctMkdir not in flight; initializing
238 silly resolveWithNewModule glob@5.0.15 checking installable status
239 silly cache add args [ 'glob@~5.0.0', null ]
240 verbose cache add spec glob@~5.0.0
241 silly cache add parsed spec Result {
241 silly cache add   raw: 'glob@~5.0.0',
241 silly cache add   scope: null,
241 silly cache add   escapedName: 'glob',
241 silly cache add   name: 'glob',
241 silly cache add   rawSpec: '~5.0.0',
241 silly cache add   spec: '>=5.0.0 <5.1.0',
241 silly cache add   type: 'range' }
242 silly addNamed glob@>=5.0.0 <5.1.0
243 verbose addNamed ">=5.0.0 <5.1.0" is a valid semver range for glob
244 silly addNameRange { name: 'glob', range: '>=5.0.0 <5.1.0', hasData: false }
245 silly mapToRegistry name glob
246 silly mapToRegistry using default registry
247 silly mapToRegistry registry https://registry.npmjs.org/
248 silly mapToRegistry data Result {
248 silly mapToRegistry   raw: 'glob',
248 silly mapToRegistry   scope: null,
248 silly mapToRegistry   escapedName: 'glob',
248 silly mapToRegistry   name: 'glob',
248 silly mapToRegistry   rawSpec: '',
248 silly mapToRegistry   spec: 'latest',
248 silly mapToRegistry   type: 'tag' }
249 silly mapToRegistry uri https://registry.npmjs.org/glob
250 verbose addNameRange registry:https://registry.npmjs.org/glob not in flight; fetching
251 verbose get https://registry.npmjs.org/glob not expired, no request
252 silly addNameRange number 2 { name: 'glob', range: '>=5.0.0 <5.1.0', hasData: true }
253 silly addNameRange versions [ 'glob',
253 silly addNameRange   [ '1.1.0',
253 silly addNameRange     '2.0.9',
253 silly addNameRange     '2.0.8',
253 silly addNameRange     '2.0.7',
253 silly addNameRange     '2.1.0',
253 silly addNameRange     '3.0.0',
253 silly addNameRange     '3.0.1',
253 silly addNameRange     '3.1.0',
253 silly addNameRange     '3.1.1',
253 silly addNameRange     '3.1.2',
253 silly addNameRange     '3.1.3',
253 silly addNameRange     '3.1.4',
253 silly addNameRange     '3.1.5',
253 silly addNameRange     '3.1.6',
253 silly addNameRange     '3.1.7',
253 silly addNameRange     '3.1.9',
253 silly addNameRange     '3.1.10',
253 silly addNameRange     '3.1.11',
253 silly addNameRange     '3.1.12',
253 silly addNameRange     '3.1.13',
253 silly addNameRange     '3.1.14',
253 silly addNameRange     '3.1.15',
253 silly addNameRange     '3.1.16',
253 silly addNameRange     '3.1.17',
253 silly addNameRange     '3.1.18',
253 silly addNameRange     '3.1.19',
253 silly addNameRange     '3.1.20',
253 silly addNameRange     '3.1.21',
253 silly addNameRange     '3.2.0',
253 silly addNameRange     '3.2.1',
253 silly addNameRange     '3.2.3',
253 silly addNameRange     '3.2.4',
253 silly addNameRange     '3.2.5',
253 silly addNameRange     '3.2.6',
253 silly addNameRange     '3.2.7',
253 silly addNameRange     '3.2.8',
253 silly addNameRange     '3.2.9',
253 silly addNameRange     '3.2.10',
253 silly addNameRange     '3.2.11',
253 silly addNameRange     '4.0.0',
253 silly addNameRange     '4.0.1',
253 silly addNameRange     '4.0.2',
253 silly addNameRange     '4.0.3',
253 silly addNameRange     '4.0.4',
253 silly addNameRange     '4.0.5',
253 silly addNameRange     '4.0.6',
253 silly addNameRange     '4.1.2-beta',
253 silly addNameRange     '4.1.2',
253 silly addNameRange     '4.1.3',
253 silly addNameRange     '4.1.4',
253 silly addNameRange     '4.1.5',
253 silly addNameRange     '4.1.6',
253 silly addNameRange     '4.2.0',
253 silly addNameRange     '4.2.1',
253 silly addNameRange     '4.2.2',
253 silly addNameRange     '4.3.0',
253 silly addNameRange     '4.3.1',
253 silly addNameRange     '4.3.2',
253 silly addNameRange     '4.3.3',
253 silly addNameRange     '4.3.4',
253 silly addNameRange     '4.3.5',
253 silly addNameRange     '4.4.0',
253 silly addNameRange     '4.4.2',
253 silly addNameRange     '4.5.0',
253 silly addNameRange     '5.0.0',
253 silly addNameRange     '4.5.1',
253 silly addNameRange     '5.0.1',
253 silly addNameRange     '4.5.2',
253 silly addNameRange     '5.0.2',
253 silly addNameRange     '4.5.3',
253 silly addNameRange     '5.0.3',
253 silly addNameRange     '5.0.4',
253 silly addNameRange     '5.0.5',
253 silly addNameRange     '5.0.6',
253 silly addNameRange     '5.0.7',
253 silly addNameRange     '5.0.9',
253 silly addNameRange     '5.0.10',
253 silly addNameRange     '5.0.11',
253 silly addNameRange     '5.0.12',
253 silly addNameRange     '5.0.13',
253 silly addNameRange     '5.0.14',
253 silly addNameRange     '5.0.15',
253 silly addNameRange     '6.0.1',
253 silly addNameRange     '6.0.2',
253 silly addNameRange     '6.0.3',
253 silly addNameRange     '6.0.4',
253 silly addNameRange     '7.0.0',
253 silly addNameRange     '7.0.1',
253 silly addNameRange     '7.0.3',
253 silly addNameRange     '7.0.4',
253 silly addNameRange     '7.0.5',
253 silly addNameRange     '7.0.6',
253 silly addNameRange     '7.1.0',
253 silly addNameRange     '7.1.1' ] ]
254 silly addNamed glob@5.0.15
255 verbose addNamed "5.0.15" is a plain semver version for glob
256 silly cache afterAdd glob@5.0.15
257 verbose afterAdd /Users/Jerry/.npm/glob/5.0.15/package/package.json not in flight; writing
258 verbose correctMkdir /Users/Jerry/.npm correctMkdir not in flight; initializing
259 verbose afterAdd /Users/Jerry/.npm/glob/5.0.15/package/package.json written
260 silly fetchNamedPackageData inflight
261 silly mapToRegistry name inflight
262 silly mapToRegistry using default registry
263 silly mapToRegistry registry https://registry.npmjs.org/
264 silly mapToRegistry data Result {
264 silly mapToRegistry   raw: 'inflight',
264 silly mapToRegistry   scope: null,
264 silly mapToRegistry   escapedName: 'inflight',
264 silly mapToRegistry   name: 'inflight',
264 silly mapToRegistry   rawSpec: '',
264 silly mapToRegistry   spec: 'latest',
264 silly mapToRegistry   type: 'tag' }
265 silly mapToRegistry uri https://registry.npmjs.org/inflight
266 silly fetchNamedPackageData inherits
267 silly mapToRegistry name inherits
268 silly mapToRegistry using default registry
269 silly mapToRegistry registry https://registry.npmjs.org/
270 silly mapToRegistry data Result {
270 silly mapToRegistry   raw: 'inherits',
270 silly mapToRegistry   scope: null,
270 silly mapToRegistry   escapedName: 'inherits',
270 silly mapToRegistry   name: 'inherits',
270 silly mapToRegistry   rawSpec: '',
270 silly mapToRegistry   spec: 'latest',
270 silly mapToRegistry   type: 'tag' }
271 silly mapToRegistry uri https://registry.npmjs.org/inherits
272 silly fetchNamedPackageData minimatch
273 silly mapToRegistry name minimatch
274 silly mapToRegistry using default registry
275 silly mapToRegistry registry https://registry.npmjs.org/
276 silly mapToRegistry data Result {
276 silly mapToRegistry   raw: 'minimatch',
276 silly mapToRegistry   scope: null,
276 silly mapToRegistry   escapedName: 'minimatch',
276 silly mapToRegistry   name: 'minimatch',
276 silly mapToRegistry   rawSpec: '',
276 silly mapToRegistry   spec: 'latest',
276 silly mapToRegistry   type: 'tag' }
277 silly mapToRegistry uri https://registry.npmjs.org/minimatch
278 silly fetchNamedPackageData once
279 silly mapToRegistry name once
280 silly mapToRegistry using default registry
281 silly mapToRegistry registry https://registry.npmjs.org/
282 silly mapToRegistry data Result {
282 silly mapToRegistry   raw: 'once',
282 silly mapToRegistry   scope: null,
282 silly mapToRegistry   escapedName: 'once',
282 silly mapToRegistry   name: 'once',
282 silly mapToRegistry   rawSpec: '',
282 silly mapToRegistry   spec: 'latest',
282 silly mapToRegistry   type: 'tag' }
283 silly mapToRegistry uri https://registry.npmjs.org/once
284 silly fetchNamedPackageData path-is-absolute
285 silly mapToRegistry name path-is-absolute
286 silly mapToRegistry using default registry
287 silly mapToRegistry registry https://registry.npmjs.org/
288 silly mapToRegistry data Result {
288 silly mapToRegistry   raw: 'path-is-absolute',
288 silly mapToRegistry   scope: null,
288 silly mapToRegistry   escapedName: 'path-is-absolute',
288 silly mapToRegistry   name: 'path-is-absolute',
288 silly mapToRegistry   rawSpec: '',
288 silly mapToRegistry   spec: 'latest',
288 silly mapToRegistry   type: 'tag' }
289 silly mapToRegistry uri https://registry.npmjs.org/path-is-absolute
290 verbose request uri https://registry.npmjs.org/inflight
291 verbose request no auth needed
292 info attempt registry request try #1 at 12:30:36 AM
293 verbose etag W/"5818d131-25a6"
294 verbose lastModified Tue, 01 Nov 2016 17:30:25 GMT
295 http request GET https://registry.npmjs.org/inflight
296 verbose request uri https://registry.npmjs.org/minimatch
297 verbose request no auth needed
298 info attempt registry request try #1 at 12:30:36 AM
299 verbose etag W/"58dd45ae-cc3a"
300 verbose lastModified Thu, 30 Mar 2017 17:51:42 GMT
301 http request GET https://registry.npmjs.org/minimatch
302 verbose request uri https://registry.npmjs.org/inherits
303 verbose request no auth needed
304 info attempt registry request try #1 at 12:30:36 AM
305 verbose etag W/"5881edff-2213"
306 verbose lastModified Fri, 20 Jan 2017 11:01:19 GMT
307 http request GET https://registry.npmjs.org/inherits
308 verbose request uri https://registry.npmjs.org/once
309 verbose request no auth needed
310 info attempt registry request try #1 at 12:30:36 AM
311 verbose etag W/"58bbe9a9-25e7"
312 verbose lastModified Sun, 05 Mar 2017 10:34:17 GMT
313 http request GET https://registry.npmjs.org/once
314 verbose request uri https://registry.npmjs.org/path-is-absolute
315 verbose request no auth needed
316 info attempt registry request try #1 at 12:30:36 AM
317 verbose etag W/"58dd45c6-1325"
318 verbose lastModified Thu, 30 Mar 2017 17:52:06 GMT
319 http request GET https://registry.npmjs.org/path-is-absolute
320 http 304 https://registry.npmjs.org/inflight
321 verbose headers { date: 'Sat, 01 Apr 2017 07:30:36 GMT',
321 verbose headers   via: '1.1 varnish',
321 verbose headers   'cache-control': 'max-age=300',
321 verbose headers   etag: 'W/"5818d131-25a6"',
321 verbose headers   age: '139',
321 verbose headers   connection: 'keep-alive',
321 verbose headers   'x-served-by': 'cache-lax8648-LAX',
321 verbose headers   'x-cache': 'HIT',
321 verbose headers   'x-cache-hits': '3',
321 verbose headers   'x-timer': 'S1491031836.233248,VS0,VE0',
321 verbose headers   vary: 'Accept-Encoding' }
322 silly get cb [ 304,
322 silly get   { date: 'Sat, 01 Apr 2017 07:30:36 GMT',
322 silly get     via: '1.1 varnish',
322 silly get     'cache-control': 'max-age=300',
322 silly get     etag: 'W/"5818d131-25a6"',
322 silly get     age: '139',
322 silly get     connection: 'keep-alive',
322 silly get     'x-served-by': 'cache-lax8648-LAX',
322 silly get     'x-cache': 'HIT',
322 silly get     'x-cache-hits': '3',
322 silly get     'x-timer': 'S1491031836.233248,VS0,VE0',
322 silly get     vary: 'Accept-Encoding' } ]
323 verbose etag https://registry.npmjs.org/inflight from cache
324 verbose get saving inflight to /Users/Jerry/.npm/registry.npmjs.org/inflight/.cache.json
325 verbose correctMkdir /Users/Jerry/.npm correctMkdir not in flight; initializing
326 http 304 https://registry.npmjs.org/minimatch
327 verbose headers { date: 'Sat, 01 Apr 2017 07:30:36 GMT',
327 verbose headers   via: '1.1 varnish',
327 verbose headers   'cache-control': 'max-age=300',
327 verbose headers   etag: 'W/"58dd45ae-cc3a"',
327 verbose headers   age: '91',
327 verbose headers   connection: 'keep-alive',
327 verbose headers   'x-served-by': 'cache-lax8639-LAX',
327 verbose headers   'x-cache': 'HIT',
327 verbose headers   'x-cache-hits': '2',
327 verbose headers   'x-timer': 'S1491031836.234597,VS0,VE0',
327 verbose headers   vary: 'Accept-Encoding' }
328 silly get cb [ 304,
328 silly get   { date: 'Sat, 01 Apr 2017 07:30:36 GMT',
328 silly get     via: '1.1 varnish',
328 silly get     'cache-control': 'max-age=300',
328 silly get     etag: 'W/"58dd45ae-cc3a"',
328 silly get     age: '91',
328 silly get     connection: 'keep-alive',
328 silly get     'x-served-by': 'cache-lax8639-LAX',
328 silly get     'x-cache': 'HIT',
328 silly get     'x-cache-hits': '2',
328 silly get     'x-timer': 'S1491031836.234597,VS0,VE0',
328 silly get     vary: 'Accept-Encoding' } ]
329 verbose etag https://registry.npmjs.org/minimatch from cache
330 verbose get saving minimatch to /Users/Jerry/.npm/registry.npmjs.org/minimatch/.cache.json
331 verbose correctMkdir /Users/Jerry/.npm correctMkdir not in flight; initializing
332 http 304 https://registry.npmjs.org/inherits
333 verbose headers { date: 'Sat, 01 Apr 2017 07:30:36 GMT',
333 verbose headers   via: '1.1 varnish',
333 verbose headers   'cache-control': 'max-age=300',
333 verbose headers   etag: 'W/"5881edff-2213"',
333 verbose headers   age: '156',
333 verbose headers   connection: 'keep-alive',
333 verbose headers   'x-served-by': 'cache-lax8640-LAX',
333 verbose headers   'x-cache': 'HIT',
333 verbose headers   'x-cache-hits': '1',
333 verbose headers   'x-timer': 'S1491031836.234470,VS0,VE0',
333 verbose headers   vary: 'Accept-Encoding' }
334 silly get cb [ 304,
334 silly get   { date: 'Sat, 01 Apr 2017 07:30:36 GMT',
334 silly get     via: '1.1 varnish',
334 silly get     'cache-control': 'max-age=300',
334 silly get     etag: 'W/"5881edff-2213"',
334 silly get     age: '156',
334 silly get     connection: 'keep-alive',
334 silly get     'x-served-by': 'cache-lax8640-LAX',
334 silly get     'x-cache': 'HIT',
334 silly get     'x-cache-hits': '1',
334 silly get     'x-timer': 'S1491031836.234470,VS0,VE0',
334 silly get     vary: 'Accept-Encoding' } ]
335 verbose etag https://registry.npmjs.org/inherits from cache
336 verbose get saving inherits to /Users/Jerry/.npm/registry.npmjs.org/inherits/.cache.json
337 verbose correctMkdir /Users/Jerry/.npm correctMkdir not in flight; initializing
338 http 304 https://registry.npmjs.org/once
339 verbose headers { date: 'Sat, 01 Apr 2017 07:30:36 GMT',
339 verbose headers   via: '1.1 varnish',
339 verbose headers   'cache-control': 'max-age=300',
339 verbose headers   etag: 'W/"58bbe9a9-25e7"',
339 verbose headers   age: '250',
339 verbose headers   connection: 'keep-alive',
339 verbose headers   'x-served-by': 'cache-lax8624-LAX',
339 verbose headers   'x-cache': 'HIT',
339 verbose headers   'x-cache-hits': '3',
339 verbose headers   'x-timer': 'S1491031836.234970,VS0,VE0',
339 verbose headers   vary: 'Accept-Encoding' }
340 silly get cb [ 304,
340 silly get   { date: 'Sat, 01 Apr 2017 07:30:36 GMT',
340 silly get     via: '1.1 varnish',
340 silly get     'cache-control': 'max-age=300',
340 silly get     etag: 'W/"58bbe9a9-25e7"',
340 silly get     age: '250',
340 silly get     connection: 'keep-alive',
340 silly get     'x-served-by': 'cache-lax8624-LAX',
340 silly get     'x-cache': 'HIT',
340 silly get     'x-cache-hits': '3',
340 silly get     'x-timer': 'S1491031836.234970,VS0,VE0',
340 silly get     vary: 'Accept-Encoding' } ]
341 verbose etag https://registry.npmjs.org/once from cache
342 verbose get saving once to /Users/Jerry/.npm/registry.npmjs.org/once/.cache.json
343 verbose correctMkdir /Users/Jerry/.npm correctMkdir not in flight; initializing
344 silly resolveWithNewModule minimatch@3.0.3 checking installable status
345 silly cache add args [ 'minimatch@2 || 3', null ]
346 verbose cache add spec minimatch@2 || 3
347 silly cache add parsed spec Result {
347 silly cache add   raw: 'minimatch@2 || 3',
347 silly cache add   scope: null,
347 silly cache add   escapedName: 'minimatch',
347 silly cache add   name: 'minimatch',
347 silly cache add   rawSpec: '2 || 3',
347 silly cache add   spec: '>=2.0.0 <3.0.0||>=3.0.0 <4.0.0',
347 silly cache add   type: 'range' }
348 silly addNamed minimatch@>=2.0.0 <3.0.0||>=3.0.0 <4.0.0
349 verbose addNamed ">=2.0.0 <3.0.0||>=3.0.0 <4.0.0" is a valid semver range for minimatch
350 silly addNameRange { name: 'minimatch',
350 silly addNameRange   range: '>=2.0.0 <3.0.0||>=3.0.0 <4.0.0',
350 silly addNameRange   hasData: false }
351 silly mapToRegistry name minimatch
352 silly mapToRegistry using default registry
353 silly mapToRegistry registry https://registry.npmjs.org/
354 silly mapToRegistry data Result {
354 silly mapToRegistry   raw: 'minimatch',
354 silly mapToRegistry   scope: null,
354 silly mapToRegistry   escapedName: 'minimatch',
354 silly mapToRegistry   name: 'minimatch',
354 silly mapToRegistry   rawSpec: '',
354 silly mapToRegistry   spec: 'latest',
354 silly mapToRegistry   type: 'tag' }
355 silly mapToRegistry uri https://registry.npmjs.org/minimatch
356 verbose addNameRange registry:https://registry.npmjs.org/minimatch not in flight; fetching
357 silly resolveWithNewModule inflight@1.0.6 checking installable status
358 silly cache add args [ 'inflight@^1.0.4', null ]
359 verbose cache add spec inflight@^1.0.4
360 silly cache add parsed spec Result {
360 silly cache add   raw: 'inflight@^1.0.4',
360 silly cache add   scope: null,
360 silly cache add   escapedName: 'inflight',
360 silly cache add   name: 'inflight',
360 silly cache add   rawSpec: '^1.0.4',
360 silly cache add   spec: '>=1.0.4 <2.0.0',
360 silly cache add   type: 'range' }
361 silly addNamed inflight@>=1.0.4 <2.0.0
362 verbose addNamed ">=1.0.4 <2.0.0" is a valid semver range for inflight
363 silly addNameRange { name: 'inflight', range: '>=1.0.4 <2.0.0', hasData: false }
364 silly mapToRegistry name inflight
365 silly mapToRegistry using default registry
366 silly mapToRegistry registry https://registry.npmjs.org/
367 silly mapToRegistry data Result {
367 silly mapToRegistry   raw: 'inflight',
367 silly mapToRegistry   scope: null,
367 silly mapToRegistry   escapedName: 'inflight',
367 silly mapToRegistry   name: 'inflight',
367 silly mapToRegistry   rawSpec: '',
367 silly mapToRegistry   spec: 'latest',
367 silly mapToRegistry   type: 'tag' }
368 silly mapToRegistry uri https://registry.npmjs.org/inflight
369 verbose addNameRange registry:https://registry.npmjs.org/inflight not in flight; fetching
370 silly resolveWithNewModule once@1.4.0 checking installable status
371 silly cache add args [ 'once@^1.3.0', null ]
372 verbose cache add spec once@^1.3.0
373 silly cache add parsed spec Result {
373 silly cache add   raw: 'once@^1.3.0',
373 silly cache add   scope: null,
373 silly cache add   escapedName: 'once',
373 silly cache add   name: 'once',
373 silly cache add   rawSpec: '^1.3.0',
373 silly cache add   spec: '>=1.3.0 <2.0.0',
373 silly cache add   type: 'range' }
374 silly addNamed once@>=1.3.0 <2.0.0
375 verbose addNamed ">=1.3.0 <2.0.0" is a valid semver range for once
376 silly addNameRange { name: 'once', range: '>=1.3.0 <2.0.0', hasData: false }
377 silly mapToRegistry name once
378 silly mapToRegistry using default registry
379 silly mapToRegistry registry https://registry.npmjs.org/
380 silly mapToRegistry data Result {
380 silly mapToRegistry   raw: 'once',
380 silly mapToRegistry   scope: null,
380 silly mapToRegistry   escapedName: 'once',
380 silly mapToRegistry   name: 'once',
380 silly mapToRegistry   rawSpec: '',
380 silly mapToRegistry   spec: 'latest',
380 silly mapToRegistry   type: 'tag' }
381 silly mapToRegistry uri https://registry.npmjs.org/once
382 verbose addNameRange registry:https://registry.npmjs.org/once not in flight; fetching
383 silly resolveWithNewModule inherits@2.0.3 checking installable status
384 silly cache add args [ 'inherits@2', null ]
385 verbose cache add spec inherits@2
386 silly cache add parsed spec Result {
386 silly cache add   raw: 'inherits@2',
386 silly cache add   scope: null,
386 silly cache add   escapedName: 'inherits',
386 silly cache add   name: 'inherits',
386 silly cache add   rawSpec: '2',
386 silly cache add   spec: '>=2.0.0 <3.0.0',
386 silly cache add   type: 'range' }
387 silly addNamed inherits@>=2.0.0 <3.0.0
388 verbose addNamed ">=2.0.0 <3.0.0" is a valid semver range for inherits
389 silly addNameRange { name: 'inherits', range: '>=2.0.0 <3.0.0', hasData: false }
390 silly mapToRegistry name inherits
391 silly mapToRegistry using default registry
392 silly mapToRegistry registry https://registry.npmjs.org/
393 silly mapToRegistry data Result {
393 silly mapToRegistry   raw: 'inherits',
393 silly mapToRegistry   scope: null,
393 silly mapToRegistry   escapedName: 'inherits',
393 silly mapToRegistry   name: 'inherits',
393 silly mapToRegistry   rawSpec: '',
393 silly mapToRegistry   spec: 'latest',
393 silly mapToRegistry   type: 'tag' }
394 silly mapToRegistry uri https://registry.npmjs.org/inherits
395 verbose addNameRange registry:https://registry.npmjs.org/inherits not in flight; fetching
396 verbose get https://registry.npmjs.org/minimatch not expired, no request
397 silly addNameRange number 2 { name: 'minimatch',
397 silly addNameRange   range: '>=2.0.0 <3.0.0||>=3.0.0 <4.0.0',
397 silly addNameRange   hasData: true }
398 silly addNameRange versions [ 'minimatch',
398 silly addNameRange   [ '0.0.1',
398 silly addNameRange     '0.0.2',
398 silly addNameRange     '0.0.4',
398 silly addNameRange     '0.0.5',
398 silly addNameRange     '0.1.1',
398 silly addNameRange     '0.1.2',
398 silly addNameRange     '0.1.3',
398 silly addNameRange     '0.1.4',
398 silly addNameRange     '0.1.5',
398 silly addNameRange     '0.2.0',
398 silly addNameRange     '0.2.2',
398 silly addNameRange     '0.2.3',
398 silly addNameRange     '0.2.4',
398 silly addNameRange     '0.2.5',
398 silly addNameRange     '0.2.6',
398 silly addNameRange     '0.2.7',
398 silly addNameRange     '0.2.8',
398 silly addNameRange     '0.2.9',
398 silly addNameRange     '0.2.10',
398 silly addNameRange     '0.2.11',
398 silly addNameRange     '0.2.12',
398 silly addNameRange     '0.2.13',
398 silly addNameRange     '0.2.14',
398 silly addNameRange     '0.3.0',
398 silly addNameRange     '0.4.0',
398 silly addNameRange     '1.0.0',
398 silly addNameRange     '2.0.0',
398 silly addNameRange     '2.0.1',
398 silly addNameRange     '2.0.2',
398 silly addNameRange     '2.0.3',
398 silly addNameRange     '2.0.4',
398 silly addNameRange     '2.0.5',
398 silly addNameRange     '2.0.6',
398 silly addNameRange     '2.0.7',
398 silly addNameRange     '2.0.8',
398 silly addNameRange     '2.0.9',
398 silly addNameRange     '2.0.10',
398 silly addNameRange     '3.0.0',
398 silly addNameRange     '3.0.2',
398 silly addNameRange     '3.0.3' ] ]
399 silly addNamed minimatch@3.0.3
400 verbose addNamed "3.0.3" is a plain semver version for minimatch
401 verbose get https://registry.npmjs.org/inflight not expired, no request
402 silly addNameRange number 2 { name: 'inflight', range: '>=1.0.4 <2.0.0', hasData: true }
403 silly addNameRange versions [ 'inflight',
403 silly addNameRange   [ '1.0.0', '1.0.1', '1.0.2', '1.0.3', '1.0.4', '1.0.5', '1.0.6' ] ]
404 silly addNamed inflight@1.0.6
405 verbose addNamed "1.0.6" is a plain semver version for inflight
406 verbose get https://registry.npmjs.org/once not expired, no request
407 silly addNameRange number 2 { name: 'once', range: '>=1.3.0 <2.0.0', hasData: true }
408 silly addNameRange versions [ 'once',
408 silly addNameRange   [ '1.1.1', '1.2.0', '1.3.0', '1.3.1', '1.3.2', '1.3.3', '1.4.0' ] ]
409 silly addNamed once@1.4.0
410 verbose addNamed "1.4.0" is a plain semver version for once
411 verbose get https://registry.npmjs.org/inherits not expired, no request
412 silly addNameRange number 2 { name: 'inherits', range: '>=2.0.0 <3.0.0', hasData: true }
413 silly addNameRange versions [ 'inherits',
413 silly addNameRange   [ '1.0.0', '2.0.0', '2.0.1', '1.0.1', '1.0.2', '2.0.3' ] ]
414 silly addNamed inherits@2.0.3
415 verbose addNamed "2.0.3" is a plain semver version for inherits
416 silly cache afterAdd minimatch@3.0.3
417 verbose afterAdd /Users/Jerry/.npm/minimatch/3.0.3/package/package.json not in flight; writing
418 verbose correctMkdir /Users/Jerry/.npm correctMkdir not in flight; initializing
419 silly cache afterAdd inflight@1.0.6
420 verbose afterAdd /Users/Jerry/.npm/inflight/1.0.6/package/package.json not in flight; writing
421 verbose correctMkdir /Users/Jerry/.npm correctMkdir not in flight; initializing
422 silly cache afterAdd inherits@2.0.3
423 verbose afterAdd /Users/Jerry/.npm/inherits/2.0.3/package/package.json not in flight; writing
424 verbose correctMkdir /Users/Jerry/.npm correctMkdir not in flight; initializing
425 silly cache afterAdd once@1.4.0
426 verbose afterAdd /Users/Jerry/.npm/once/1.4.0/package/package.json not in flight; writing
427 verbose correctMkdir /Users/Jerry/.npm correctMkdir not in flight; initializing
428 http 304 https://registry.npmjs.org/path-is-absolute
429 verbose headers { date: 'Sat, 01 Apr 2017 07:30:36 GMT',
429 verbose headers   via: '1.1 varnish',
429 verbose headers   'cache-control': 'max-age=300',
429 verbose headers   etag: 'W/"58dd45c6-1325"',
429 verbose headers   age: '21',
429 verbose headers   connection: 'keep-alive',
429 verbose headers   'x-served-by': 'cache-lax8647-LAX',
429 verbose headers   'x-cache': 'HIT',
429 verbose headers   'x-cache-hits': '2',
429 verbose headers   'x-timer': 'S1491031836.257145,VS0,VE0',
429 verbose headers   vary: 'Accept-Encoding' }
430 silly get cb [ 304,
430 silly get   { date: 'Sat, 01 Apr 2017 07:30:36 GMT',
430 silly get     via: '1.1 varnish',
430 silly get     'cache-control': 'max-age=300',
430 silly get     etag: 'W/"58dd45c6-1325"',
430 silly get     age: '21',
430 silly get     connection: 'keep-alive',
430 silly get     'x-served-by': 'cache-lax8647-LAX',
430 silly get     'x-cache': 'HIT',
430 silly get     'x-cache-hits': '2',
430 silly get     'x-timer': 'S1491031836.257145,VS0,VE0',
430 silly get     vary: 'Accept-Encoding' } ]
431 verbose etag https://registry.npmjs.org/path-is-absolute from cache
432 verbose get saving path-is-absolute to /Users/Jerry/.npm/registry.npmjs.org/path-is-absolute/.cache.json
433 verbose correctMkdir /Users/Jerry/.npm correctMkdir not in flight; initializing
434 verbose afterAdd /Users/Jerry/.npm/inflight/1.0.6/package/package.json written
435 verbose afterAdd /Users/Jerry/.npm/minimatch/3.0.3/package/package.json written
436 verbose afterAdd /Users/Jerry/.npm/once/1.4.0/package/package.json written
437 verbose afterAdd /Users/Jerry/.npm/inherits/2.0.3/package/package.json written
438 silly resolveWithNewModule path-is-absolute@1.0.1 checking installable status
439 silly cache add args [ 'path-is-absolute@^1.0.0', null ]
440 verbose cache add spec path-is-absolute@^1.0.0
441 silly cache add parsed spec Result {
441 silly cache add   raw: 'path-is-absolute@^1.0.0',
441 silly cache add   scope: null,
441 silly cache add   escapedName: 'path-is-absolute',
441 silly cache add   name: 'path-is-absolute',
441 silly cache add   rawSpec: '^1.0.0',
441 silly cache add   spec: '>=1.0.0 <2.0.0',
441 silly cache add   type: 'range' }
442 silly addNamed path-is-absolute@>=1.0.0 <2.0.0
443 verbose addNamed ">=1.0.0 <2.0.0" is a valid semver range for path-is-absolute
444 silly addNameRange { name: 'path-is-absolute',
444 silly addNameRange   range: '>=1.0.0 <2.0.0',
444 silly addNameRange   hasData: false }
445 silly mapToRegistry name path-is-absolute
446 silly mapToRegistry using default registry
447 silly mapToRegistry registry https://registry.npmjs.org/
448 silly mapToRegistry data Result {
448 silly mapToRegistry   raw: 'path-is-absolute',
448 silly mapToRegistry   scope: null,
448 silly mapToRegistry   escapedName: 'path-is-absolute',
448 silly mapToRegistry   name: 'path-is-absolute',
448 silly mapToRegistry   rawSpec: '',
448 silly mapToRegistry   spec: 'latest',
448 silly mapToRegistry   type: 'tag' }
449 silly mapToRegistry uri https://registry.npmjs.org/path-is-absolute
450 verbose addNameRange registry:https://registry.npmjs.org/path-is-absolute not in flight; fetching
451 verbose get https://registry.npmjs.org/path-is-absolute not expired, no request
452 silly addNameRange number 2 { name: 'path-is-absolute',
452 silly addNameRange   range: '>=1.0.0 <2.0.0',
452 silly addNameRange   hasData: true }
453 silly addNameRange versions [ 'path-is-absolute', [ '1.0.0', '1.0.1' ] ]
454 silly addNamed path-is-absolute@1.0.1
455 verbose addNamed "1.0.1" is a plain semver version for path-is-absolute
456 silly cache afterAdd path-is-absolute@1.0.1
457 verbose afterAdd /Users/Jerry/.npm/path-is-absolute/1.0.1/package/package.json not in flight; writing
458 verbose correctMkdir /Users/Jerry/.npm correctMkdir not in flight; initializing
459 verbose afterAdd /Users/Jerry/.npm/path-is-absolute/1.0.1/package/package.json written
460 silly fetchNamedPackageData wrappy
461 silly mapToRegistry name wrappy
462 silly mapToRegistry using default registry
463 silly mapToRegistry registry https://registry.npmjs.org/
464 silly mapToRegistry data Result {
464 silly mapToRegistry   raw: 'wrappy',
464 silly mapToRegistry   scope: null,
464 silly mapToRegistry   escapedName: 'wrappy',
464 silly mapToRegistry   name: 'wrappy',
464 silly mapToRegistry   rawSpec: '',
464 silly mapToRegistry   spec: 'latest',
464 silly mapToRegistry   type: 'tag' }
465 silly mapToRegistry uri https://registry.npmjs.org/wrappy
466 verbose request uri https://registry.npmjs.org/wrappy
467 verbose request no auth needed
468 info attempt registry request try #1 at 12:30:36 AM
469 verbose etag W/"5818e387-11a5"
470 verbose lastModified Tue, 01 Nov 2016 18:48:39 GMT
471 http request GET https://registry.npmjs.org/wrappy
472 http 304 https://registry.npmjs.org/wrappy
473 verbose headers { date: 'Sat, 01 Apr 2017 07:30:36 GMT',
473 verbose headers   via: '1.1 varnish',
473 verbose headers   'cache-control': 'max-age=300',
473 verbose headers   etag: 'W/"5818e387-11a5"',
473 verbose headers   age: '39',
473 verbose headers   connection: 'keep-alive',
473 verbose headers   'x-served-by': 'cache-lax8648-LAX',
473 verbose headers   'x-cache': 'HIT',
473 verbose headers   'x-cache-hits': '1',
473 verbose headers   'x-timer': 'S1491031836.279851,VS0,VE0',
473 verbose headers   vary: 'Accept-Encoding' }
474 silly get cb [ 304,
474 silly get   { date: 'Sat, 01 Apr 2017 07:30:36 GMT',
474 silly get     via: '1.1 varnish',
474 silly get     'cache-control': 'max-age=300',
474 silly get     etag: 'W/"5818e387-11a5"',
474 silly get     age: '39',
474 silly get     connection: 'keep-alive',
474 silly get     'x-served-by': 'cache-lax8648-LAX',
474 silly get     'x-cache': 'HIT',
474 silly get     'x-cache-hits': '1',
474 silly get     'x-timer': 'S1491031836.279851,VS0,VE0',
474 silly get     vary: 'Accept-Encoding' } ]
475 verbose etag https://registry.npmjs.org/wrappy from cache
476 verbose get saving wrappy to /Users/Jerry/.npm/registry.npmjs.org/wrappy/.cache.json
477 verbose correctMkdir /Users/Jerry/.npm correctMkdir not in flight; initializing
478 silly resolveWithNewModule wrappy@1.0.2 checking installable status
479 silly cache add args [ 'wrappy@1', null ]
480 verbose cache add spec wrappy@1
481 silly cache add parsed spec Result {
481 silly cache add   raw: 'wrappy@1',
481 silly cache add   scope: null,
481 silly cache add   escapedName: 'wrappy',
481 silly cache add   name: 'wrappy',
481 silly cache add   rawSpec: '1',
481 silly cache add   spec: '>=1.0.0 <2.0.0',
481 silly cache add   type: 'range' }
482 silly addNamed wrappy@>=1.0.0 <2.0.0
483 verbose addNamed ">=1.0.0 <2.0.0" is a valid semver range for wrappy
484 silly addNameRange { name: 'wrappy', range: '>=1.0.0 <2.0.0', hasData: false }
485 silly mapToRegistry name wrappy
486 silly mapToRegistry using default registry
487 silly mapToRegistry registry https://registry.npmjs.org/
488 silly mapToRegistry data Result {
488 silly mapToRegistry   raw: 'wrappy',
488 silly mapToRegistry   scope: null,
488 silly mapToRegistry   escapedName: 'wrappy',
488 silly mapToRegistry   name: 'wrappy',
488 silly mapToRegistry   rawSpec: '',
488 silly mapToRegistry   spec: 'latest',
488 silly mapToRegistry   type: 'tag' }
489 silly mapToRegistry uri https://registry.npmjs.org/wrappy
490 verbose addNameRange registry:https://registry.npmjs.org/wrappy not in flight; fetching
491 verbose get https://registry.npmjs.org/wrappy not expired, no request
492 silly addNameRange number 2 { name: 'wrappy', range: '>=1.0.0 <2.0.0', hasData: true }
493 silly addNameRange versions [ 'wrappy', [ '1.0.0', '1.0.1', '1.0.2' ] ]
494 silly addNamed wrappy@1.0.2
495 verbose addNamed "1.0.2" is a plain semver version for wrappy
496 silly cache afterAdd wrappy@1.0.2
497 verbose afterAdd /Users/Jerry/.npm/wrappy/1.0.2/package/package.json not in flight; writing
498 verbose correctMkdir /Users/Jerry/.npm correctMkdir not in flight; initializing
499 verbose afterAdd /Users/Jerry/.npm/wrappy/1.0.2/package/package.json written
500 silly fetchNamedPackageData brace-expansion
501 silly mapToRegistry name brace-expansion
502 silly mapToRegistry using default registry
503 silly mapToRegistry registry https://registry.npmjs.org/
504 silly mapToRegistry data Result {
504 silly mapToRegistry   raw: 'brace-expansion',
504 silly mapToRegistry   scope: null,
504 silly mapToRegistry   escapedName: 'brace-expansion',
504 silly mapToRegistry   name: 'brace-expansion',
504 silly mapToRegistry   rawSpec: '',
504 silly mapToRegistry   spec: 'latest',
504 silly mapToRegistry   type: 'tag' }
505 silly mapToRegistry uri https://registry.npmjs.org/brace-expansion
506 verbose request uri https://registry.npmjs.org/brace-expansion
507 verbose request no auth needed
508 info attempt registry request try #1 at 12:30:36 AM
509 verbose etag W/"58b381f1-4bde"
510 verbose lastModified Mon, 27 Feb 2017 01:33:37 GMT
511 http request GET https://registry.npmjs.org/brace-expansion
512 http 304 https://registry.npmjs.org/brace-expansion
513 verbose headers { date: 'Sat, 01 Apr 2017 07:30:36 GMT',
513 verbose headers   via: '1.1 varnish',
513 verbose headers   'cache-control': 'max-age=300',
513 verbose headers   etag: 'W/"58b381f1-4bde"',
513 verbose headers   age: '217',
513 verbose headers   connection: 'keep-alive',
513 verbose headers   'x-served-by': 'cache-lax8639-LAX',
513 verbose headers   'x-cache': 'HIT',
513 verbose headers   'x-cache-hits': '3',
513 verbose headers   'x-timer': 'S1491031836.302684,VS0,VE0',
513 verbose headers   vary: 'Accept-Encoding' }
514 silly get cb [ 304,
514 silly get   { date: 'Sat, 01 Apr 2017 07:30:36 GMT',
514 silly get     via: '1.1 varnish',
514 silly get     'cache-control': 'max-age=300',
514 silly get     etag: 'W/"58b381f1-4bde"',
514 silly get     age: '217',
514 silly get     connection: 'keep-alive',
514 silly get     'x-served-by': 'cache-lax8639-LAX',
514 silly get     'x-cache': 'HIT',
514 silly get     'x-cache-hits': '3',
514 silly get     'x-timer': 'S1491031836.302684,VS0,VE0',
514 silly get     vary: 'Accept-Encoding' } ]
515 verbose etag https://registry.npmjs.org/brace-expansion from cache
516 verbose get saving brace-expansion to /Users/Jerry/.npm/registry.npmjs.org/brace-expansion/.cache.json
517 verbose correctMkdir /Users/Jerry/.npm correctMkdir not in flight; initializing
518 silly resolveWithNewModule brace-expansion@1.1.6 checking installable status
519 silly cache add args [ 'brace-expansion@^1.0.0', null ]
520 verbose cache add spec brace-expansion@^1.0.0
521 silly cache add parsed spec Result {
521 silly cache add   raw: 'brace-expansion@^1.0.0',
521 silly cache add   scope: null,
521 silly cache add   escapedName: 'brace-expansion',
521 silly cache add   name: 'brace-expansion',
521 silly cache add   rawSpec: '^1.0.0',
521 silly cache add   spec: '>=1.0.0 <2.0.0',
521 silly cache add   type: 'range' }
522 silly addNamed brace-expansion@>=1.0.0 <2.0.0
523 verbose addNamed ">=1.0.0 <2.0.0" is a valid semver range for brace-expansion
524 silly addNameRange { name: 'brace-expansion',
524 silly addNameRange   range: '>=1.0.0 <2.0.0',
524 silly addNameRange   hasData: false }
525 silly mapToRegistry name brace-expansion
526 silly mapToRegistry using default registry
527 silly mapToRegistry registry https://registry.npmjs.org/
528 silly mapToRegistry data Result {
528 silly mapToRegistry   raw: 'brace-expansion',
528 silly mapToRegistry   scope: null,
528 silly mapToRegistry   escapedName: 'brace-expansion',
528 silly mapToRegistry   name: 'brace-expansion',
528 silly mapToRegistry   rawSpec: '',
528 silly mapToRegistry   spec: 'latest',
528 silly mapToRegistry   type: 'tag' }
529 silly mapToRegistry uri https://registry.npmjs.org/brace-expansion
530 verbose addNameRange registry:https://registry.npmjs.org/brace-expansion not in flight; fetching
531 verbose get https://registry.npmjs.org/brace-expansion not expired, no request
532 silly addNameRange number 2 { name: 'brace-expansion',
532 silly addNameRange   range: '>=1.0.0 <2.0.0',
532 silly addNameRange   hasData: true }
533 silly addNameRange versions [ 'brace-expansion',
533 silly addNameRange   [ '0.0.0',
533 silly addNameRange     '1.0.0',
533 silly addNameRange     '1.0.1',
533 silly addNameRange     '1.1.0',
533 silly addNameRange     '1.1.1',
533 silly addNameRange     '1.1.2',
533 silly addNameRange     '1.1.3',
533 silly addNameRange     '1.1.4',
533 silly addNameRange     '1.1.5',
533 silly addNameRange     '1.1.6' ] ]
534 silly addNamed brace-expansion@1.1.6
535 verbose addNamed "1.1.6" is a plain semver version for brace-expansion
536 silly cache afterAdd brace-expansion@1.1.6
537 verbose afterAdd /Users/Jerry/.npm/brace-expansion/1.1.6/package/package.json not in flight; writing
538 verbose correctMkdir /Users/Jerry/.npm correctMkdir not in flight; initializing
539 verbose afterAdd /Users/Jerry/.npm/brace-expansion/1.1.6/package/package.json written
540 silly fetchNamedPackageData balanced-match
541 silly mapToRegistry name balanced-match
542 silly mapToRegistry using default registry
543 silly mapToRegistry registry https://registry.npmjs.org/
544 silly mapToRegistry data Result {
544 silly mapToRegistry   raw: 'balanced-match',
544 silly mapToRegistry   scope: null,
544 silly mapToRegistry   escapedName: 'balanced-match',
544 silly mapToRegistry   name: 'balanced-match',
544 silly mapToRegistry   rawSpec: '',
544 silly mapToRegistry   spec: 'latest',
544 silly mapToRegistry   type: 'tag' }
545 silly mapToRegistry uri https://registry.npmjs.org/balanced-match
546 silly fetchNamedPackageData concat-map
547 silly mapToRegistry name concat-map
548 silly mapToRegistry using default registry
549 silly mapToRegistry registry https://registry.npmjs.org/
550 silly mapToRegistry data Result {
550 silly mapToRegistry   raw: 'concat-map',
550 silly mapToRegistry   scope: null,
550 silly mapToRegistry   escapedName: 'concat-map',
550 silly mapToRegistry   name: 'concat-map',
550 silly mapToRegistry   rawSpec: '',
550 silly mapToRegistry   spec: 'latest',
550 silly mapToRegistry   type: 'tag' }
551 silly mapToRegistry uri https://registry.npmjs.org/concat-map
552 verbose request uri https://registry.npmjs.org/balanced-match
553 verbose request no auth needed
554 info attempt registry request try #1 at 12:30:36 AM
555 verbose etag W/"58717f67-4136"
556 verbose lastModified Sat, 07 Jan 2017 23:53:11 GMT
557 http request GET https://registry.npmjs.org/balanced-match
558 verbose request uri https://registry.npmjs.org/concat-map
559 verbose request no auth needed
560 info attempt registry request try #1 at 12:30:36 AM
561 verbose etag W/"52e9c1bb-f3a"
562 verbose lastModified Thu, 30 Jan 2014 03:06:35 GMT
563 http request GET https://registry.npmjs.org/concat-map
564 http 304 https://registry.npmjs.org/balanced-match
565 verbose headers { date: 'Sat, 01 Apr 2017 07:30:36 GMT',
565 verbose headers   via: '1.1 varnish',
565 verbose headers   'cache-control': 'max-age=300',
565 verbose headers   etag: 'W/"58717f67-4136"',
565 verbose headers   age: '35',
565 verbose headers   connection: 'keep-alive',
565 verbose headers   'x-served-by': 'cache-lax8640-LAX',
565 verbose headers   'x-cache': 'HIT',
565 verbose headers   'x-cache-hits': '3',
565 verbose headers   'x-timer': 'S1491031836.334341,VS0,VE0',
565 verbose headers   vary: 'Accept-Encoding' }
566 silly get cb [ 304,
566 silly get   { date: 'Sat, 01 Apr 2017 07:30:36 GMT',
566 silly get     via: '1.1 varnish',
566 silly get     'cache-control': 'max-age=300',
566 silly get     etag: 'W/"58717f67-4136"',
566 silly get     age: '35',
566 silly get     connection: 'keep-alive',
566 silly get     'x-served-by': 'cache-lax8640-LAX',
566 silly get     'x-cache': 'HIT',
566 silly get     'x-cache-hits': '3',
566 silly get     'x-timer': 'S1491031836.334341,VS0,VE0',
566 silly get     vary: 'Accept-Encoding' } ]
567 verbose etag https://registry.npmjs.org/balanced-match from cache
568 verbose get saving balanced-match to /Users/Jerry/.npm/registry.npmjs.org/balanced-match/.cache.json
569 verbose correctMkdir /Users/Jerry/.npm correctMkdir not in flight; initializing
570 http 304 https://registry.npmjs.org/concat-map
571 verbose headers { date: 'Sat, 01 Apr 2017 07:30:36 GMT',
571 verbose headers   via: '1.1 varnish',
571 verbose headers   'cache-control': 'max-age=300',
571 verbose headers   etag: 'W/"52e9c1bb-f3a"',
571 verbose headers   age: '187',
571 verbose headers   connection: 'keep-alive',
571 verbose headers   'x-served-by': 'cache-lax8624-LAX',
571 verbose headers   'x-cache': 'HIT',
571 verbose headers   'x-cache-hits': '2',
571 verbose headers   'x-timer': 'S1491031836.334389,VS0,VE0',
571 verbose headers   vary: 'Accept-Encoding' }
572 silly get cb [ 304,
572 silly get   { date: 'Sat, 01 Apr 2017 07:30:36 GMT',
572 silly get     via: '1.1 varnish',
572 silly get     'cache-control': 'max-age=300',
572 silly get     etag: 'W/"52e9c1bb-f3a"',
572 silly get     age: '187',
572 silly get     connection: 'keep-alive',
572 silly get     'x-served-by': 'cache-lax8624-LAX',
572 silly get     'x-cache': 'HIT',
572 silly get     'x-cache-hits': '2',
572 silly get     'x-timer': 'S1491031836.334389,VS0,VE0',
572 silly get     vary: 'Accept-Encoding' } ]
573 verbose etag https://registry.npmjs.org/concat-map from cache
574 verbose get saving concat-map to /Users/Jerry/.npm/registry.npmjs.org/concat-map/.cache.json
575 verbose correctMkdir /Users/Jerry/.npm correctMkdir not in flight; initializing
576 silly resolveWithNewModule concat-map@0.0.1 checking installable status
577 silly cache add args [ 'concat-map@0.0.1', null ]
578 verbose cache add spec concat-map@0.0.1
579 silly cache add parsed spec Result {
579 silly cache add   raw: 'concat-map@0.0.1',
579 silly cache add   scope: null,
579 silly cache add   escapedName: 'concat-map',
579 silly cache add   name: 'concat-map',
579 silly cache add   rawSpec: '0.0.1',
579 silly cache add   spec: '0.0.1',
579 silly cache add   type: 'version' }
580 silly addNamed concat-map@0.0.1
581 verbose addNamed "0.0.1" is a plain semver version for concat-map
582 silly mapToRegistry name concat-map
583 silly mapToRegistry using default registry
584 silly mapToRegistry registry https://registry.npmjs.org/
585 silly mapToRegistry data Result {
585 silly mapToRegistry   raw: 'concat-map',
585 silly mapToRegistry   scope: null,
585 silly mapToRegistry   escapedName: 'concat-map',
585 silly mapToRegistry   name: 'concat-map',
585 silly mapToRegistry   rawSpec: '',
585 silly mapToRegistry   spec: 'latest',
585 silly mapToRegistry   type: 'tag' }
586 silly mapToRegistry uri https://registry.npmjs.org/concat-map
587 verbose addNameVersion registry:https://registry.npmjs.org/concat-map not in flight; fetching
588 silly resolveWithNewModule balanced-match@0.4.2 checking installable status
589 silly cache add args [ 'balanced-match@^0.4.1', null ]
590 verbose cache add spec balanced-match@^0.4.1
591 silly cache add parsed spec Result {
591 silly cache add   raw: 'balanced-match@^0.4.1',
591 silly cache add   scope: null,
591 silly cache add   escapedName: 'balanced-match',
591 silly cache add   name: 'balanced-match',
591 silly cache add   rawSpec: '^0.4.1',
591 silly cache add   spec: '>=0.4.1 <0.5.0',
591 silly cache add   type: 'range' }
592 silly addNamed balanced-match@>=0.4.1 <0.5.0
593 verbose addNamed ">=0.4.1 <0.5.0" is a valid semver range for balanced-match
594 silly addNameRange { name: 'balanced-match',
594 silly addNameRange   range: '>=0.4.1 <0.5.0',
594 silly addNameRange   hasData: false }
595 silly mapToRegistry name balanced-match
596 silly mapToRegistry using default registry
597 silly mapToRegistry registry https://registry.npmjs.org/
598 silly mapToRegistry data Result {
598 silly mapToRegistry   raw: 'balanced-match',
598 silly mapToRegistry   scope: null,
598 silly mapToRegistry   escapedName: 'balanced-match',
598 silly mapToRegistry   name: 'balanced-match',
598 silly mapToRegistry   rawSpec: '',
598 silly mapToRegistry   spec: 'latest',
598 silly mapToRegistry   type: 'tag' }
599 silly mapToRegistry uri https://registry.npmjs.org/balanced-match
600 verbose addNameRange registry:https://registry.npmjs.org/balanced-match not in flight; fetching
601 verbose get https://registry.npmjs.org/concat-map not expired, no request
602 verbose get https://registry.npmjs.org/balanced-match not expired, no request
603 silly addNameRange number 2 { name: 'balanced-match',
603 silly addNameRange   range: '>=0.4.1 <0.5.0',
603 silly addNameRange   hasData: true }
604 silly addNameRange versions [ 'balanced-match',
604 silly addNameRange   [ '0.0.0',
604 silly addNameRange     '0.0.1',
604 silly addNameRange     '0.1.0',
604 silly addNameRange     '0.2.0',
604 silly addNameRange     '0.2.1',
604 silly addNameRange     '0.3.0',
604 silly addNameRange     '0.4.0',
604 silly addNameRange     '0.4.1',
604 silly addNameRange     '0.4.2' ] ]
605 silly addNamed balanced-match@0.4.2
606 verbose addNamed "0.4.2" is a plain semver version for balanced-match
607 silly cache afterAdd balanced-match@0.4.2
608 verbose afterAdd /Users/Jerry/.npm/balanced-match/0.4.2/package/package.json not in flight; writing
609 verbose correctMkdir /Users/Jerry/.npm correctMkdir not in flight; initializing
610 silly cache afterAdd concat-map@0.0.1
611 verbose afterAdd /Users/Jerry/.npm/concat-map/0.0.1/package/package.json not in flight; writing
612 verbose correctMkdir /Users/Jerry/.npm correctMkdir not in flight; initializing
613 verbose afterAdd /Users/Jerry/.npm/concat-map/0.0.1/package/package.json written
614 verbose afterAdd /Users/Jerry/.npm/balanced-match/0.4.2/package/package.json written
615 silly fetchNamedPackageData abbrev
616 silly mapToRegistry name abbrev
617 silly mapToRegistry using default registry
618 silly mapToRegistry registry https://registry.npmjs.org/
619 silly mapToRegistry data Result {
619 silly mapToRegistry   raw: 'abbrev',
619 silly mapToRegistry   scope: null,
619 silly mapToRegistry   escapedName: 'abbrev',
619 silly mapToRegistry   name: 'abbrev',
619 silly mapToRegistry   rawSpec: '',
619 silly mapToRegistry   spec: 'latest',
619 silly mapToRegistry   type: 'tag' }
620 silly mapToRegistry uri https://registry.npmjs.org/abbrev
621 verbose request uri https://registry.npmjs.org/abbrev
622 verbose request no auth needed
623 info attempt registry request try #1 at 12:30:36 AM
624 verbose etag W/"58daf047-1e6e"
625 verbose lastModified Tue, 28 Mar 2017 23:22:47 GMT
626 http request GET https://registry.npmjs.org/abbrev
627 http 304 https://registry.npmjs.org/abbrev
628 verbose headers { date: 'Sat, 01 Apr 2017 07:30:36 GMT',
628 verbose headers   via: '1.1 varnish',
628 verbose headers   'cache-control': 'max-age=300',
628 verbose headers   etag: 'W/"58daf047-1e6e"',
628 verbose headers   age: '82',
628 verbose headers   connection: 'keep-alive',
628 verbose headers   'x-served-by': 'cache-lax8647-LAX',
628 verbose headers   'x-cache': 'HIT',
628 verbose headers   'x-cache-hits': '3',
628 verbose headers   'x-timer': 'S1491031836.364575,VS0,VE0',
628 verbose headers   vary: 'Accept-Encoding' }
629 silly get cb [ 304,
629 silly get   { date: 'Sat, 01 Apr 2017 07:30:36 GMT',
629 silly get     via: '1.1 varnish',
629 silly get     'cache-control': 'max-age=300',
629 silly get     etag: 'W/"58daf047-1e6e"',
629 silly get     age: '82',
629 silly get     connection: 'keep-alive',
629 silly get     'x-served-by': 'cache-lax8647-LAX',
629 silly get     'x-cache': 'HIT',
629 silly get     'x-cache-hits': '3',
629 silly get     'x-timer': 'S1491031836.364575,VS0,VE0',
629 silly get     vary: 'Accept-Encoding' } ]
630 verbose etag https://registry.npmjs.org/abbrev from cache
631 verbose get saving abbrev to /Users/Jerry/.npm/registry.npmjs.org/abbrev/.cache.json
632 verbose correctMkdir /Users/Jerry/.npm correctMkdir not in flight; initializing
633 silly resolveWithNewModule abbrev@1.1.0 checking installable status
634 silly cache add args [ 'abbrev@1', null ]
635 verbose cache add spec abbrev@1
636 silly cache add parsed spec Result {
636 silly cache add   raw: 'abbrev@1',
636 silly cache add   scope: null,
636 silly cache add   escapedName: 'abbrev',
636 silly cache add   name: 'abbrev',
636 silly cache add   rawSpec: '1',
636 silly cache add   spec: '>=1.0.0 <2.0.0',
636 silly cache add   type: 'range' }
637 silly addNamed abbrev@>=1.0.0 <2.0.0
638 verbose addNamed ">=1.0.0 <2.0.0" is a valid semver range for abbrev
639 silly addNameRange { name: 'abbrev', range: '>=1.0.0 <2.0.0', hasData: false }
640 silly mapToRegistry name abbrev
641 silly mapToRegistry using default registry
642 silly mapToRegistry registry https://registry.npmjs.org/
643 silly mapToRegistry data Result {
643 silly mapToRegistry   raw: 'abbrev',
643 silly mapToRegistry   scope: null,
643 silly mapToRegistry   escapedName: 'abbrev',
643 silly mapToRegistry   name: 'abbrev',
643 silly mapToRegistry   rawSpec: '',
643 silly mapToRegistry   spec: 'latest',
643 silly mapToRegistry   type: 'tag' }
644 silly mapToRegistry uri https://registry.npmjs.org/abbrev
645 verbose addNameRange registry:https://registry.npmjs.org/abbrev not in flight; fetching
646 verbose get https://registry.npmjs.org/abbrev not expired, no request
647 silly addNameRange number 2 { name: 'abbrev', range: '>=1.0.0 <2.0.0', hasData: true }
648 silly addNameRange versions [ 'abbrev',
648 silly addNameRange   [ '1.0.3', '1.0.4', '1.0.5', '1.0.6', '1.0.7', '1.0.9', '1.1.0' ] ]
649 silly addNamed abbrev@1.1.0
650 verbose addNamed "1.1.0" is a plain semver version for abbrev
651 silly cache afterAdd abbrev@1.1.0
652 verbose afterAdd /Users/Jerry/.npm/abbrev/1.1.0/package/package.json not in flight; writing
653 verbose correctMkdir /Users/Jerry/.npm correctMkdir not in flight; initializing
654 verbose afterAdd /Users/Jerry/.npm/abbrev/1.1.0/package/package.json written
655 silly loadAllDepsIntoIdealTree Finishing
656 silly loadIdealTree Finishing
657 silly currentTree lib
657 silly currentTree  grunt-cli@1.2.0
657 silly currentTree    abbrev@1.1.0
657 silly currentTree    balanced-match@0.4.2
657 silly currentTree    brace-expansion@1.1.6
657 silly currentTree    concat-map@0.0.1
657 silly currentTree    findup-sync@0.3.0
657 silly currentTree    glob@5.0.15
657 silly currentTree    grunt-known-options@1.1.0
657 silly currentTree    inflight@1.0.6
657 silly currentTree    inherits@2.0.3
657 silly currentTree    minimatch@3.0.3
657 silly currentTree    nopt@3.0.6
657 silly currentTree    once@1.4.0
657 silly currentTree    path-is-absolute@1.0.1
657 silly currentTree    resolve@1.1.7
657 silly currentTree    wrappy@1.0.2
658 silly idealTree lib
658 silly idealTree  grunt-cli@1.2.0
658 silly idealTree    abbrev@1.1.0
658 silly idealTree    balanced-match@0.4.2
658 silly idealTree    brace-expansion@1.1.6
658 silly idealTree    concat-map@0.0.1
658 silly idealTree    findup-sync@0.3.0
658 silly idealTree    glob@5.0.15
658 silly idealTree    grunt-known-options@1.1.0
658 silly idealTree    inflight@1.0.6
658 silly idealTree    inherits@2.0.3
658 silly idealTree    minimatch@3.0.3
658 silly idealTree    nopt@3.0.6
658 silly idealTree    once@1.4.0
658 silly idealTree    path-is-absolute@1.0.1
658 silly idealTree    resolve@1.1.7
658 silly idealTree    wrappy@1.0.2
659 silly generateActionsToTake Starting
660 silly install generateActionsToTake
661 warn checkPermissions Missing write access to /usr/local/lib/node_modules/grunt-cli
662 silly rollbackFailedOptional Starting
663 silly rollbackFailedOptional Finishing
664 silly runTopLevelLifecycles Finishing
665 silly install printInstalled
666 verbose stack Error: EACCES: permission denied, access '/usr/local/lib/node_modules/grunt-cli'
666 verbose stack     at Error (native)
667 verbose cwd /Users/Jerry/dev/VoxPomona/VoxPomona/VoxPomona/voxpomona_app
668 error Darwin 16.5.0
669 error argv "/usr/local/bin/node" "/usr/local/bin/npm" "install" "-g" "grunt-cli"
670 error node v6.10.1
671 error npm  v3.10.10
672 error path /usr/local/lib/node_modules/grunt-cli
673 error code EACCES
674 error errno -13
675 error syscall access
676 error Error: EACCES: permission denied, access '/usr/local/lib/node_modules/grunt-cli'
676 error     at Error (native)
676 error  { Error: EACCES: permission denied, access '/usr/local/lib/node_modules/grunt-cli'
676 error     at Error (native)
676 error   errno: -13,
676 error   code: 'EACCES',
676 error   syscall: 'access',
676 error   path: '/usr/local/lib/node_modules/grunt-cli' }
677 error Please try running this command again as root/Administrator.
678 verbose exit [ -13, true ]
